2025-08-17 14:15:34,906 - DEBUG - Starting new HTTPS connection (1): raw.githubusercontent.com:443
2025-08-17 14:15:35,210 - DEBUG - https://raw.githubusercontent.com:443 "GET /errachedy-crypto/playe-radio-aswatalweb/main/version.json HTTP/1.1" 200 130
2025-08-17 15:49:10,212 - DEBUG - Starting new HTTPS connection (1): raw.githubusercontent.com:443
2025-08-17 15:49:10,552 - DEBUG - https://raw.githubusercontent.com:443 "GET /errachedy-crypto/playe-radio-aswatalweb/main/version.json HTTP/1.1" 200 130
2025-08-17 15:50:45,725 - DEBUG - Starting new HTTPS connection (1): raw.githubusercontent.com:443
2025-08-17 15:50:45,880 - DEBUG - https://raw.githubusercontent.com:443 "GET /errachedy-crypto/playe-radio-aswatalweb/main/version.json HTTP/1.1" 200 130
2025-08-17 16:05:10,527 - DEBUG - Starting new HTTPS connection (1): aswatalweb.com:443
2025-08-17 16:05:10,527 - DEBUG - Starting new HTTPS connection (1): raw.githubusercontent.com:443
2025-08-17 16:05:10,764 - DEBUG - https://aswatalweb.com:443 "GET /radio/radio.json HTTP/1.1" 200 1397
2025-08-17 16:05:10,801 - DEBUG - https://raw.githubusercontent.com:443 "GET /errachedy-crypto/playe-radio-aswatalweb/main/version.json HTTP/1.1" 200 130
2025-08-17 16:08:40,270 - DEBUG - Starting new HTTPS connection (1): aswatalweb.com:443
2025-08-17 16:08:40,271 - DEBUG - Starting new HTTPS connection (1): raw.githubusercontent.com:443
2025-08-17 16:08:40,434 - DEBUG - https://raw.githubusercontent.com:443 "GET /errachedy-crypto/playe-radio-aswatalweb/main/version.json HTTP/1.1" 200 130
2025-08-17 16:08:40,444 - DEBUG - https://aswatalweb.com:443 "GET /radio/radio.json HTTP/1.1" 200 1397
2025-08-17 16:10:58,620 - DEBUG - Starting new HTTPS connection (1): aswatalweb.com:443
2025-08-17 16:10:58,621 - DEBUG - Starting new HTTPS connection (1): raw.githubusercontent.com:443
2025-08-17 16:10:58,771 - DEBUG - https://aswatalweb.com:443 "GET /radio/radio.json HTTP/1.1" 200 1397
2025-08-17 16:10:58,877 - DEBUG - https://raw.githubusercontent.com:443 "GET /errachedy-crypto/playe-radio-aswatalweb/main/version.json HTTP/1.1" 200 130
2025-08-17 16:54:10,568 - DEBUG - Starting new HTTPS connection (1): aswatalweb.com:443
2025-08-17 16:54:10,568 - DEBUG - Starting new HTTPS connection (1): raw.githubusercontent.com:443
2025-08-17 16:54:10,717 - DEBUG - https://aswatalweb.com:443 "GET /radio/radio.json HTTP/1.1" 200 2078
2025-08-17 16:54:10,718 - ERROR - Failed to decode stations JSON.
2025-08-17 16:54:10,831 - DEBUG - https://raw.githubusercontent.com:443 "GET /errachedy-crypto/playe-radio-aswatalweb/main/version.json HTTP/1.1" 200 130
2025-08-17 16:55:15,665 - DEBUG - Starting new HTTPS connection (1): aswatalweb.com:443
2025-08-17 16:55:15,666 - DEBUG - Starting new HTTPS connection (1): raw.githubusercontent.com:443
2025-08-17 16:55:15,802 - DEBUG - https://raw.githubusercontent.com:443 "GET /errachedy-crypto/playe-radio-aswatalweb/main/version.json HTTP/1.1" 200 130
2025-08-17 16:55:15,813 - DEBUG - https://aswatalweb.com:443 "GET /radio/radio.json HTTP/1.1" 200 2075
2025-08-17 16:55:15,814 - ERROR - Failed to decode stations JSON.
2025-08-17 18:05:42,368 - DEBUG - Starting new HTTPS connection (1): aswatalweb.com:443
2025-08-17 18:05:42,369 - DEBUG - Starting new HTTPS connection (1): raw.githubusercontent.com:443
2025-08-17 18:05:42,535 - DEBUG - https://aswatalweb.com:443 "GET /radio/radio.json HTTP/1.1" 200 1739
2025-08-17 18:05:42,706 - DEBUG - https://raw.githubusercontent.com:443 "GET /errachedy-crypto/playe-radio-aswatalweb/main/version.json HTTP/1.1" 200 130
2025-08-17 18:15:49,869 - DEBUG - Starting new HTTPS connection (1): aswatalweb.com:443
2025-08-17 18:15:49,870 - DEBUG - Starting new HTTPS connection (1): raw.githubusercontent.com:443
2025-08-17 18:15:50,032 - DEBUG - https://aswatalweb.com:443 "GET /radio/radio.json HTTP/1.1" 200 1593
2025-08-17 18:15:50,159 - DEBUG - https://raw.githubusercontent.com:443 "GET /errachedy-crypto/playe-radio-aswatalweb/main/version.json HTTP/1.1" 200 130
2025-08-17 18:25:35,660 - DEBUG - Starting new HTTPS connection (1): aswatalweb.com:443
2025-08-17 18:25:35,661 - DEBUG - Starting new HTTPS connection (1): raw.githubusercontent.com:443
2025-08-17 18:25:35,820 - DEBUG - https://aswatalweb.com:443 "GET /radio/radio.json HTTP/1.1" 200 2152
2025-08-17 18:25:35,821 - ERROR - Failed to decode stations JSON.
2025-08-17 18:25:35,910 - DEBUG - https://raw.githubusercontent.com:443 "GET /errachedy-crypto/playe-radio-aswatalweb/main/version.json HTTP/1.1" 200 130
2025-08-17 18:28:42,666 - DEBUG - Starting new HTTPS connection (1): raw.githubusercontent.com:443
2025-08-17 18:28:42,667 - DEBUG - Starting new HTTPS connection (1): aswatalweb.com:443
2025-08-17 18:28:42,807 - DEBUG - https://raw.githubusercontent.com:443 "GET /errachedy-crypto/playe-radio-aswatalweb/main/version.json HTTP/1.1" 200 130
2025-08-17 18:28:42,818 - DEBUG - https://aswatalweb.com:443 "GET /radio/radio.json HTTP/1.1" 200 2152
2025-08-17 18:28:42,819 - ERROR - Failed to decode stations JSON.
2025-08-17 18:30:24,277 - DEBUG - Starting new HTTPS connection (1): raw.githubusercontent.com:443
2025-08-17 18:30:24,277 - DEBUG - Starting new HTTPS connection (1): aswatalweb.com:443
2025-08-17 18:30:24,416 - DEBUG - https://raw.githubusercontent.com:443 "GET /errachedy-crypto/playe-radio-aswatalweb/main/version.json HTTP/1.1" 200 130
2025-08-17 18:30:24,423 - DEBUG - https://aswatalweb.com:443 "GET /radio/radio.json HTTP/1.1" 200 2140
2025-08-17 18:30:24,426 - ERROR - Failed to decode stations JSON.
2025-08-17 18:36:28,558 - DEBUG - Starting new HTTPS connection (1): aswatalweb.com:443
2025-08-17 18:36:28,559 - DEBUG - Starting new HTTPS connection (1): raw.githubusercontent.com:443
2025-08-17 18:36:28,705 - DEBUG - https://aswatalweb.com:443 "GET /radio/radio.json HTTP/1.1" 200 2133
2025-08-17 18:36:28,706 - ERROR - Failed to decode stations JSON.
2025-08-17 18:36:28,802 - DEBUG - https://raw.githubusercontent.com:443 "GET /errachedy-crypto/playe-radio-aswatalweb/main/version.json HTTP/1.1" 200 130
2025-08-17 18:37:44,270 - DEBUG - Starting new HTTPS connection (1): aswatalweb.com:443
2025-08-17 18:37:44,272 - DEBUG - Starting new HTTPS connection (1): raw.githubusercontent.com:443
2025-08-17 18:37:44,405 - DEBUG - https://raw.githubusercontent.com:443 "GET /errachedy-crypto/playe-radio-aswatalweb/main/version.json HTTP/1.1" 200 130
2025-08-17 18:37:44,416 - DEBUG - https://aswatalweb.com:443 "GET /radio/radio.json HTTP/1.1" 200 2141
2025-08-17 18:37:44,417 - ERROR - Failed to decode stations JSON.
2025-08-17 18:40:54,839 - DEBUG - Starting new HTTPS connection (1): raw.githubusercontent.com:443
2025-08-17 18:40:54,840 - DEBUG - Starting new HTTPS connection (1): aswatalweb.com:443
2025-08-17 18:40:54,977 - DEBUG - https://raw.githubusercontent.com:443 "GET /errachedy-crypto/playe-radio-aswatalweb/main/version.json HTTP/1.1" 200 130
2025-08-17 18:40:54,989 - DEBUG - https://aswatalweb.com:443 "GET /radio/radio.json HTTP/1.1" 200 1593
2025-08-17 18:43:07,006 - DEBUG - Starting new HTTPS connection (1): aswatalweb.com:443
2025-08-17 18:43:07,007 - DEBUG - Starting new HTTPS connection (1): raw.githubusercontent.com:443
2025-08-17 18:43:07,170 - DEBUG - https://aswatalweb.com:443 "GET /radio/radio.json HTTP/1.1" 200 1593
2025-08-17 18:43:07,282 - DEBUG - https://raw.githubusercontent.com:443 "GET /errachedy-crypto/playe-radio-aswatalweb/main/version.json HTTP/1.1" 200 130
2025-08-17 18:45:15,694 - DEBUG - Starting new HTTPS connection (1): aswatalweb.com:443
2025-08-17 18:45:15,694 - DEBUG - Starting new HTTPS connection (1): raw.githubusercontent.com:443
2025-08-17 18:45:15,824 - DEBUG - https://raw.githubusercontent.com:443 "GET /errachedy-crypto/playe-radio-aswatalweb/main/version.json HTTP/1.1" 200 130
2025-08-17 18:45:15,837 - DEBUG - https://aswatalweb.com:443 "GET /radio/radio.json HTTP/1.1" 200 1593
2025-08-17 18:50:46,197 - DEBUG - Starting new HTTPS connection (1): aswatalweb.com:443
2025-08-17 18:50:46,199 - DEBUG - Starting new HTTPS connection (1): raw.githubusercontent.com:443
2025-08-17 18:50:46,350 - DEBUG - https://aswatalweb.com:443 "GET /radio/radio.json HTTP/1.1" 200 2189
2025-08-17 18:50:46,351 - ERROR - Failed to decode stations JSON.
2025-08-17 18:50:46,454 - DEBUG - https://raw.githubusercontent.com:443 "GET /errachedy-crypto/playe-radio-aswatalweb/main/version.json HTTP/1.1" 200 130
2025-08-17 19:02:24,705 - DEBUG - Starting new HTTPS connection (1): aswatalweb.com:443
2025-08-17 19:02:24,706 - DEBUG - Starting new HTTPS connection (1): raw.githubusercontent.com:443
2025-08-17 19:02:24,860 - DEBUG - https://aswatalweb.com:443 "GET /radio/radio.json HTTP/1.1" 200 2138
2025-08-17 19:02:24,862 - ERROR - Failed to decode stations JSON.
2025-08-17 19:02:24,966 - DEBUG - https://raw.githubusercontent.com:443 "GET /errachedy-crypto/playe-radio-aswatalweb/main/version.json HTTP/1.1" 200 130
2025-08-17 19:11:44,584 - DEBUG - Starting new HTTPS connection (1): raw.githubusercontent.com:443
2025-08-17 19:11:44,585 - DEBUG - Starting new HTTPS connection (1): aswatalweb.com:443
2025-08-17 19:11:44,736 - DEBUG - https://aswatalweb.com:443 "GET /radio/radio.json HTTP/1.1" 200 2100
2025-08-17 19:11:44,736 - ERROR - Failed to decode stations JSON.
2025-08-17 19:11:44,838 - DEBUG - https://raw.githubusercontent.com:443 "GET /errachedy-crypto/playe-radio-aswatalweb/main/version.json HTTP/1.1" 200 130
2025-08-17 19:13:45,383 - DEBUG - Starting new HTTPS connection (1): aswatalweb.com:443
2025-08-17 19:13:45,385 - DEBUG - Starting new HTTPS connection (1): raw.githubusercontent.com:443
2025-08-17 19:13:45,539 - DEBUG - https://raw.githubusercontent.com:443 "GET /errachedy-crypto/playe-radio-aswatalweb/main/version.json HTTP/1.1" 200 130
2025-08-17 19:13:45,549 - DEBUG - https://aswatalweb.com:443 "GET /radio/radio.json HTTP/1.1" 200 2115
2025-08-17 19:13:45,550 - ERROR - Failed to decode stations JSON.
2025-08-17 19:18:34,602 - DEBUG - Starting new HTTPS connection (1): raw.githubusercontent.com:443
2025-08-17 19:18:34,603 - DEBUG - Starting new HTTPS connection (1): aswatalweb.com:443
2025-08-17 19:18:34,755 - DEBUG - https://aswatalweb.com:443 "GET /radio/radio.json HTTP/1.1" 200 1984
2025-08-17 19:18:34,881 - DEBUG - https://raw.githubusercontent.com:443 "GET /errachedy-crypto/playe-radio-aswatalweb/main/version.json HTTP/1.1" 200 130
2025-08-17 19:25:15,460 - DEBUG - Starting new HTTPS connection (1): aswatalweb.com:443
2025-08-17 19:25:15,462 - DEBUG - Starting new HTTPS connection (1): raw.githubusercontent.com:443
2025-08-17 19:25:15,608 - DEBUG - https://aswatalweb.com:443 "GET /radio/radio.json HTTP/1.1" 200 2272
2025-08-17 19:25:15,703 - DEBUG - https://raw.githubusercontent.com:443 "GET /errachedy-crypto/playe-radio-aswatalweb/main/version.json HTTP/1.1" 200 130
2025-08-17 19:41:34,806 - DEBUG - Starting new HTTPS connection (1): aswatalweb.com:443
2025-08-17 19:41:34,808 - DEBUG - Starting new HTTPS connection (1): raw.githubusercontent.com:443
2025-08-17 19:41:34,981 - DEBUG - https://aswatalweb.com:443 "GET /radio/radio.json HTTP/1.1" 200 2566
2025-08-17 19:41:35,076 - DEBUG - https://raw.githubusercontent.com:443 "GET /errachedy-crypto/playe-radio-aswatalweb/main/version.json HTTP/1.1" 200 130
2025-08-17 22:03:03,680 - DEBUG - Starting new HTTPS connection (1): aswatalweb.com:443
2025-08-17 22:03:03,681 - DEBUG - Starting new HTTPS connection (1): raw.githubusercontent.com:443
2025-08-17 22:03:03,838 - DEBUG - https://aswatalweb.com:443 "GET /radio/radio.json HTTP/1.1" 200 2566
2025-08-17 22:03:03,989 - DEBUG - https://raw.githubusercontent.com:443 "GET /errachedy-crypto/playe-radio-aswatalweb/main/version.json HTTP/1.1" 200 130
